[2026-01-15 15:15:43Z INFO HostContext] No proxy settings were found based on environmental variables (http_proxy/https_proxy/HTTP_PROXY/HTTPS_PROXY)
[2026-01-15 15:15:43Z INFO HostContext] Well known directory 'Bin': 'C:\Users\Dominic\Desktop\practice_spark\actions-runner\bin'
[2026-01-15 15:15:43Z INFO HostContext] Well known directory 'Root': 'C:\Users\Dominic\Desktop\practice_spark\actions-runner'
[2026-01-15 15:15:43Z INFO HostContext] Well known config file 'Credentials': 'C:\Users\Dominic\Desktop\practice_spark\actions-runner\.credentials'
[2026-01-15 15:15:44Z INFO HostContext] Well known directory 'Bin': 'C:\Users\Dominic\Desktop\practice_spark\actions-runner\bin'
[2026-01-15 15:15:44Z INFO HostContext] Well known directory 'Root': 'C:\Users\Dominic\Desktop\practice_spark\actions-runner'
[2026-01-15 15:15:44Z INFO HostContext] Well known config file 'Runner': 'C:\Users\Dominic\Desktop\practice_spark\actions-runner\.runner'
[2026-01-15 15:15:44Z INFO Listener] Runner is built for Windows (X64) - win-x64.
[2026-01-15 15:15:44Z INFO Listener] RuntimeInformation: Microsoft Windows 10.0.26200.
[2026-01-15 15:15:44Z INFO Listener] Version: 2.331.0
[2026-01-15 15:15:44Z INFO Listener] Commit: 39f6c643d3032f8795fa71f1482731ca90c8e038
[2026-01-15 15:15:44Z INFO Listener] Culture: en-IN
[2026-01-15 15:15:44Z INFO Listener] UI Culture: en-US
[2026-01-15 15:15:44Z INFO HostContext] Well known directory 'Bin': 'C:\Users\Dominic\Desktop\practice_spark\actions-runner\bin'
[2026-01-15 15:15:44Z INFO HostContext] Well known directory 'Root': 'C:\Users\Dominic\Desktop\practice_spark\actions-runner'
[2026-01-15 15:15:44Z INFO Listener] Validating directory permissions for: 'C:\Users\Dominic\Desktop\practice_spark\actions-runner'
[2026-01-15 15:15:44Z INFO CommandLineParser] Parse
[2026-01-15 15:15:44Z INFO CommandLineParser] Parsing 1 args
[2026-01-15 15:15:44Z INFO CommandLineParser] parsing argument
[2026-01-15 15:15:44Z INFO CommandLineParser] HasArgs: False
[2026-01-15 15:15:44Z INFO CommandLineParser] Adding Command: run
[2026-01-15 15:15:44Z INFO Listener] Arguments parsed
[2026-01-15 15:15:44Z INFO Runner] ExecuteCommand
[2026-01-15 15:15:44Z INFO ConfigurationStore] currentAssemblyLocation: C:\Users\Dominic\Desktop\practice_spark\actions-runner\bin\Runner.Listener.dll
[2026-01-15 15:15:44Z INFO HostContext] Well known directory 'Bin': 'C:\Users\Dominic\Desktop\practice_spark\actions-runner\bin'
[2026-01-15 15:15:44Z INFO ConfigurationStore] binPath: C:\Users\Dominic\Desktop\practice_spark\actions-runner\bin
[2026-01-15 15:15:44Z INFO HostContext] Well known directory 'Bin': 'C:\Users\Dominic\Desktop\practice_spark\actions-runner\bin'
[2026-01-15 15:15:44Z INFO HostContext] Well known directory 'Root': 'C:\Users\Dominic\Desktop\practice_spark\actions-runner'
[2026-01-15 15:15:44Z INFO ConfigurationStore] RootFolder: C:\Users\Dominic\Desktop\practice_spark\actions-runner
[2026-01-15 15:15:44Z INFO HostContext] Well known directory 'Bin': 'C:\Users\Dominic\Desktop\practice_spark\actions-runner\bin'
[2026-01-15 15:15:44Z INFO HostContext] Well known directory 'Root': 'C:\Users\Dominic\Desktop\practice_spark\actions-runner'
[2026-01-15 15:15:44Z INFO HostContext] Well known config file 'Runner': 'C:\Users\Dominic\Desktop\practice_spark\actions-runner\.runner'
[2026-01-15 15:15:44Z INFO ConfigurationStore] ConfigFilePath: C:\Users\Dominic\Desktop\practice_spark\actions-runner\.runner
[2026-01-15 15:15:44Z INFO HostContext] Well known directory 'Bin': 'C:\Users\Dominic\Desktop\practice_spark\actions-runner\bin'
[2026-01-15 15:15:44Z INFO HostContext] Well known directory 'Root': 'C:\Users\Dominic\Desktop\practice_spark\actions-runner'
[2026-01-15 15:15:44Z INFO HostContext] Well known config file 'MigratedRunner': 'C:\Users\Dominic\Desktop\practice_spark\actions-runner\.runner_migrated'
[2026-01-15 15:15:44Z INFO ConfigurationStore] MigratedConfigFilePath: C:\Users\Dominic\Desktop\practice_spark\actions-runner\.runner_migrated
[2026-01-15 15:15:44Z INFO HostContext] Well known directory 'Bin': 'C:\Users\Dominic\Desktop\practice_spark\actions-runner\bin'
[2026-01-15 15:15:44Z INFO HostContext] Well known directory 'Root': 'C:\Users\Dominic\Desktop\practice_spark\actions-runner'
[2026-01-15 15:15:44Z INFO HostContext] Well known config file 'Credentials': 'C:\Users\Dominic\Desktop\practice_spark\actions-runner\.credentials'
[2026-01-15 15:15:44Z INFO ConfigurationStore] CredFilePath: C:\Users\Dominic\Desktop\practice_spark\actions-runner\.credentials
[2026-01-15 15:15:44Z INFO HostContext] Well known directory 'Bin': 'C:\Users\Dominic\Desktop\practice_spark\actions-runner\bin'
[2026-01-15 15:15:44Z INFO HostContext] Well known directory 'Root': 'C:\Users\Dominic\Desktop\practice_spark\actions-runner'
[2026-01-15 15:15:44Z INFO HostContext] Well known config file 'MigratedCredentials': 'C:\Users\Dominic\Desktop\practice_spark\actions-runner\.credentials_migrated'
[2026-01-15 15:15:44Z INFO ConfigurationStore] MigratedCredFilePath: C:\Users\Dominic\Desktop\practice_spark\actions-runner\.credentials_migrated
[2026-01-15 15:15:44Z INFO HostContext] Well known directory 'Bin': 'C:\Users\Dominic\Desktop\practice_spark\actions-runner\bin'
[2026-01-15 15:15:44Z INFO HostContext] Well known directory 'Root': 'C:\Users\Dominic\Desktop\practice_spark\actions-runner'
[2026-01-15 15:15:44Z INFO HostContext] Well known config file 'Service': 'C:\Users\Dominic\Desktop\practice_spark\actions-runner\.service'
[2026-01-15 15:15:44Z INFO ConfigurationStore] ServiceConfigFilePath: C:\Users\Dominic\Desktop\practice_spark\actions-runner\.service
[2026-01-15 15:15:44Z INFO CommandSettings] Flag 'help': 'False'
[2026-01-15 15:15:44Z INFO CommandSettings] Flag 'version': 'False'
[2026-01-15 15:15:44Z INFO CommandSettings] Flag 'commit': 'False'
[2026-01-15 15:15:44Z INFO CommandSettings] Flag 'check': 'False'
[2026-01-15 15:15:44Z INFO CommandSettings] Command 'configure': 'False'
[2026-01-15 15:15:44Z INFO CommandSettings] Command 'remove': 'False'
[2026-01-15 15:15:44Z INFO CommandSettings] Command 'warmup': 'False'
[2026-01-15 15:15:44Z INFO ConfigurationManager] LoadSettings
[2026-01-15 15:15:44Z INFO ConfigurationStore] IsConfigured()
[2026-01-15 15:15:44Z INFO ConfigurationStore] IsConfigured: True
[2026-01-15 15:15:44Z INFO ConfigurationManager] Is configured: True
[2026-01-15 15:15:44Z INFO ConfigurationStore] Read setting file: 417 chars
[2026-01-15 15:15:44Z INFO ConfigurationManager] Settings Loaded
[2026-01-15 15:15:44Z INFO ConfigurationStore] IsServiceConfigured()
[2026-01-15 15:15:44Z INFO ConfigurationStore] IsServiceConfigured: False
[2026-01-15 15:15:44Z INFO CommandSettings] Command 'run': 'True'
[2026-01-15 15:15:44Z INFO ConfigurationStore] IsConfigured()
[2026-01-15 15:15:44Z INFO ConfigurationStore] IsConfigured: True
[2026-01-15 15:15:44Z INFO ConfigurationManager] Is configured: True
[2026-01-15 15:15:44Z INFO Runner] Could not parse the argument value '' for StartupType. Defaulting to Manual
[2026-01-15 15:15:44Z INFO Runner] Set runner startup type - Manual
[2026-01-15 15:15:44Z INFO CommandSettings] Flag 'once': 'False'
[2026-01-15 15:15:44Z INFO CommandSettings] Flag 'once': 'False'
[2026-01-15 15:15:44Z INFO Runner] RunAsync
[2026-01-15 15:15:44Z INFO ConfigurationManager] LoadMigratedSettings
[2026-01-15 15:15:44Z INFO ConfigurationStore] IsMigratedConfigured()
[2026-01-15 15:15:44Z INFO ConfigurationStore] IsMigratedConfigured: False
[2026-01-15 15:15:44Z INFO Runner] Failed to load migrated settings: No migrated configuration found.
[2026-01-15 15:15:44Z INFO Runner] Falling back to original .runner settings
[2026-01-15 15:15:44Z INFO Runner] Using BrokerMessageListener
[2026-01-15 15:15:44Z INFO BrokerMessageListener] Using provided settings
[2026-01-15 15:15:44Z INFO BrokerMessageListener] {
  "AgentId": 2,
  "AgentName": "LAPTOP-G6DNIMHR",
  "PoolId": 1,
  "PoolName": "Default",
  "ServerUrl": "https://pipelinesghubeus14.actions.githubusercontent.com/7StHeOpoabx6kJdQXuYJjDmF2xGZfZSv7e6C2stBkuR9SR6NQp/",
  "GitHubUrl": "https://github.com/Dominic-Xavier/spark_practice",
  "WorkFolder": "practice_spark",
  "UseV2Flow": true,
  "ServerUrlV2": "https://broker.actions.githubusercontent.com/"
}
[2026-01-15 15:15:44Z INFO BrokerMessageListener] Loading Credentials
[2026-01-15 15:15:44Z INFO ConfigurationStore] HasCredentials()
[2026-01-15 15:15:44Z INFO ConfigurationStore] stored True
[2026-01-15 15:15:44Z INFO CredentialManager] GetCredentialProvider
[2026-01-15 15:15:44Z INFO CredentialManager] Creating type OAuth
[2026-01-15 15:15:44Z INFO CredentialManager] Creating credential type: OAuth
[2026-01-15 15:15:44Z INFO HostContext] Well known directory 'Bin': 'C:\Users\Dominic\Desktop\practice_spark\actions-runner\bin'
[2026-01-15 15:15:44Z INFO HostContext] Well known directory 'Root': 'C:\Users\Dominic\Desktop\practice_spark\actions-runner'
[2026-01-15 15:15:44Z INFO HostContext] Well known config file 'RSACredentials': 'C:\Users\Dominic\Desktop\practice_spark\actions-runner\.credentials_rsaparams'
[2026-01-15 15:15:44Z INFO RSAEncryptedFileKeyManager] Loading RSA key parameters from file C:\Users\Dominic\Desktop\practice_spark\actions-runner\.credentials_rsaparams
[2026-01-15 15:15:44Z INFO BrokerMessageListener] Attempt to create session.
[2026-01-15 15:15:44Z INFO BrokerMessageListener] Connecting to the Broker Server...
[2026-01-15 15:15:44Z INFO ConfigurationStore] HasCredentials()
[2026-01-15 15:15:44Z INFO ConfigurationStore] stored True
[2026-01-15 15:15:44Z INFO CredentialManager] GetCredentialProvider
[2026-01-15 15:15:44Z INFO CredentialManager] Creating type OAuth
[2026-01-15 15:15:44Z INFO CredentialManager] Creating credential type: OAuth
[2026-01-15 15:15:44Z INFO RSAEncryptedFileKeyManager] Loading RSA key parameters from file C:\Users\Dominic\Desktop\practice_spark\actions-runner\.credentials_rsaparams
[2026-01-15 15:15:44Z INFO BrokerMessageListener] VssConnection created
[2026-01-15 15:15:44Z INFO BrokerMessageListener] Connecting to the Runner server...
[2026-01-15 15:15:44Z INFO RunnerServer] EstablishVssConnection
[2026-01-15 15:15:44Z INFO RunnerServer] Establish connection with 100 seconds timeout.
[2026-01-15 15:15:44Z INFO GitHubActionsService] Starting operation Location.GetConnectionData
[2026-01-15 15:15:44Z INFO RunnerServer] EstablishVssConnection
[2026-01-15 15:15:44Z INFO RunnerServer] Establish connection with 60 seconds timeout.
[2026-01-15 15:15:44Z INFO GitHubActionsService] Starting operation Location.GetConnectionData
[2026-01-15 15:15:44Z INFO RunnerServer] EstablishVssConnection
[2026-01-15 15:15:44Z INFO RunnerServer] Establish connection with 60 seconds timeout.
[2026-01-15 15:15:44Z INFO GitHubActionsService] Starting operation Location.GetConnectionData
